Initializing Test Runner (Role: PATIENT)

Starting 4 tests...

------------------------------------------------------------
[1/4]
Category: WORKFLOW_SEQUENCE
Prompt:   Is there any appointment slots available for Dr. DocDipu?
Status:   PASS
Time:     17476 ms

Final Response:
Yes, there are appointment slots available for Dr. DocDipu. Here are the available times:

- July 07, 2026 at 04:00 PM
- July 07, 2026 at 04:30 PM
- July 07, 2026 at 09:30 PM

------------------------------------------------------------
[2/4]
Category: WORKFLOW_SEQUENCE
Prompt:   Book the first available slot.
Status:   PASS
Time:     13936 ms

Final Response:
I found the first available slot for Dr. DocDipu:

**July 07, 2026 at 04:00 PM**

Would you like me to book this appointment for you?

------------------------------------------------------------
[3/4]
Category: WORKFLOW_SEQUENCE
Prompt:   Yes, please book it.
Status:   PASS
Time:     8864 ms

Final Response:
Your appointment has been booked successfully.

Doctor: DocDipu
Date: July 07, 2026
Time: 04:00 PM
Status: Confirmed

------------------------------------------------------------
[4/4]
Category: WORKFLOW_SEQUENCE
Prompt:   Cancel my appointment.
Status:   PASS
Time:     8327 ms

Final Response:
I have successfully cancelled your appointment with Dr. DocDipu on July 07, 2026 at 04:00 PM.

============================================================
SUMMARY
============================================================
Total Tests            : 4
Passed                 : 4
Failed                 : 0
Average Execution Time : 12150 ms
============================================================

Saved 4 results to test_results.csv
Console log saved to logs/regression_2026-07-05_04-52.log
