Initializing Test Runner (Role: PATIENT)

Starting 7 tests...

------------------------------------------------------------
[1/7]
Category: GENERAL
Prompt:   Hello
Status:   PASS
Time:     10740 ms

Final Response:
Hello! 👋 I'm here to help answer your medical questions in a clear and easy-to-understand way.

Please feel free to ask me anything you'd like to know, and I'll do my best to provide helpful information based on reliable medical knowledge.

What can I help you with today?

------------------------------------------------------------
[2/7]
Category: RAG
Prompt:   Explain my latest blood report.
Status:   PASS
Time:     32527 ms

Final Response:
Here’s a plain-language explanation of your latest blood test report. I’ve highlighted the key findings and what they might mean.

**Patient:** Yash M. Patel, 21 years, Male  
**Test:** Complete Blood Count (CBC) with differential and platelet count  
**Sample:** Blood  

---

### Overall Impression
Your report shows **mild anemia** (low hemoglobin) with a **borderline low platelet count**. The packed cell volume (PCV/hematocrit) is reported as high, which seems contradictory and may need rechecking. The white blood cell count and differential are normal, indicating no obvious infection or immune issue at this time.

---

### Detailed Breakdown

#### 1. Red Blood Cells (RBCs) & Anemia Indicators
| Parameter | Your Value | Reference Range | Status |
|-----------|------------|-----------------|--------|
| **Hemoglobin (Hb)** | **12.5 g/dL** | 13.0 – 17.0 g/dL | **Low** |
| RBC Count | 5.2 mill/cumm | 4.5 – 5.5 mill/cumm | Normal |
| **Packed Cell Volume (PCV / Hematocrit)** | **57.5%** | 40 – 50% | **High** |
| MCV (cell size) | 87.75 fL | 83 – 101 fL | Normal |
| MCH (hemoglobin per cell) | 27.2 pg | 27 – 32 pg | Normal |
| MCHC (hemoglobin concentration) | 32.8 g/dL | 32.5 – 34.5 g/dL | Normal |
| RDW (size variation) | 13.6% | 11.6 – 14.0% | Normal |

- **Low hemoglobin** confirms you have **anemia**. Your red cells are normal in number, size, and hemoglobin content, which often points to a mild, early-stage anemia (e.g., iron deficiency before cells become small, or a recent blood loss).
- **High PCV** is unusual when hemoglobin is low. Normally, PCV and hemoglobin move together. This discrepancy could be due to a lab error, dehydration (which concentrates blood), or a sample handling issue. The report itself notes “Further confirm for Anemia,” so your doctor will likely repeat the test or check iron studies.

#### 2. White Blood Cells (WBCs) – Infection/Immunity
| Parameter | Your Value | Reference Range | Status |
|-----------|------------|-----------------|--------|
| Total WBC Count | 9000 /cumm | 4000 – 11000 /cumm | Normal |
| Neutrophils | 60% | 50 – 62% | Normal |
| Lymphocytes | 31% | 20 – 40% | Normal |
| Monocytes | 7% | 0 – 10% | Normal |
| Eosinophils | 1% | 0 – 6% | Normal |
| Basophils | 1% | 0 – 2% | Normal |

All white cell types are within normal limits. This suggests no active bacterial, viral, or allergic process at the time of testing.

#### 3. Platelets – Clotting Function
| Parameter | Your Value | Reference Range | Status |
|-----------|------------|-----------------|--------|
| **Platelet Count** | **150,000 /cumm** | 150,000 – 410,000 /cumm | **Borderline Low** |

Your platelet count is exactly at the lower limit of normal. This is called **borderline thrombocytopenia**. It’s not dangerously low, but it should be monitored. Mildly low platelets can occur due to viral infections, nutritional deficiencies (like B12/folate), or sometimes as a temporary finding. Your doctor may recommend a repeat test in a few weeks.

---

### What Should You Do Next?
- **Consult your doctor** (Dr. Hiren Shah, who referred you) to discuss the anemia and borderline platelets.
- You will likely need additional tests: **iron studies (ferritin, serum iron), vitamin B12, folate**, and possibly a **peripheral blood smear** to look at red cell shape.
- The high PCV with low hemoglobin is puzzling; a repeat CBC may be advised to rule out lab error or dehydration.
- In the meantime, ensure a balanced diet rich in iron (leafy greens, lentils, red meat), vitamin C (helps iron absorption), and B vitamins.

**Note:** This explanation is based solely on the report provided and is not a substitute for professional medical advice. Please follow up with your healthcare provider for a complete evaluation.

------------------------------------------------------------
[3/7]
Category: MEMORY
Prompt:   Summarize my previous consultations.
Status:   PASS
Time:     10755 ms

Final Response:
Based on the information available, there are no previous consultations to summarize.

------------------------------------------------------------
[4/7]
Category: MULTI-CAPABILITY
Prompt:   Summarize my previous consultations and latest blood report.
Status:   PASS
Time:     27237 ms

Final Response:
## Summary

### Previous Consultations
**No records exist.** No past consultations were found in the system.

---

### Latest Blood Report Summary

**Patient:** Yash M. Patel, 21 Years, Male (PID: 555)  
**Ref. By:** Dr. Hiren Shah  
**Lab:** Drlogy Pathology Lab, Mumbai  
**Date:** 02 Dec, 202X

#### Key Findings:

| Parameter | Result | Reference Range | Status |
|-----------|--------|-----------------|--------|
| **Hemoglobin (Hb)** | **12.5 g/dL** | 13.0 - 17.0 | **Low** |
| **PCV (Hematocrit)** | **57.5%** | 40 - 50 | **High** |
| **Platelet Count** | **150,000/cumm** | 150,000 - 410,000 | **Borderline Low** |
| RBC Count | 5.2 mill/cumm | 4.5 - 5.5 | Normal |
| WBC Count | 9,000/cumm | 4,000 - 11,000 | Normal |
| MCV | 87.75 fL | 83 - 101 | Normal |
| MCH | 27.2 pg | 27 - 32 | Normal |
| MCHC | 32.8 g/dL | 32.5 - 34.5 | Normal |
| RDW | 13.6% | 11.6 - 14.0 | Normal |

#### Differential Count:
- Neutrophils: 60% | Lymphocytes: 31% | Monocytes: 7% | Eosinophils: 1% | Basophils: 1% — **All Normal**

#### Lab Interpretation:
> **"Further confirm for Anemia"**

#### Notable Observations:
- **Low Hemoglobin** suggests possible anemia
- **High PCV** is unusual and may warrant further investigation
- **Borderline Platelet Count** should be monitored

Please consult your referring physician (Dr. Hiren Shah) for clinical correlation and further evaluation.

------------------------------------------------------------
[5/7]
Category: WORKFLOW_SEQUENCE
Prompt:   Is there any appointment slots available for Dr. DocDipu?
Status:   PASS
Time:     11348 ms

Final Response:
Yes, there are appointment slots available for Dr. DocDipu. Here are the available times:

- **July 07, 2026 at 04:00 PM**
- **July 07, 2026 at 04:30 PM**
- **July 07, 2026 at 09:30 PM**

------------------------------------------------------------
[6/7]
Category: WORKFLOW_SEQUENCE
Prompt:   Book the first available slot.
Status:   PASS
Time:     10323 ms

Final Response:
I'll book the first available slot for you.

**Booking Confirmation:**

| Detail | Information |
|--------|-------------|
| **Doctor** | Dr. DocDipu |
| **Date** | July 07, 2026 |
| **Time** | 04:00 PM |
| **Status** | ✅ **Confirmed** |

Your appointment has been successfully booked. Please arrive 10-15 minutes before your scheduled time. If you need to reschedule or cancel, please let us know in advance.

Is there anything else I can help you with?

------------------------------------------------------------
[7/7]
Category: WORKFLOW_SEQUENCE
Prompt:   Cancel my appointment.
Status:   PASS
Time:     5007 ms

Final Response:
I couldn't find any upcoming appointments to cancel.

============================================================
SUMMARY
============================================================
Total Tests            : 7
Passed                 : 7
Failed                 : 0
Average Execution Time : 15419 ms
============================================================

Saved 7 results to test_results.csv
Console log saved to logs/regression_2026-07-05_03-45.log
