Initializing Test Runner (Role: PATIENT)

Starting 5 tests...

------------------------------------------------------------
[1/5]
Category: GENERAL
Prompt:   Hello
Status:   PASS
Time:     12234 ms

Final Response:
Hello! How can I help you today? I'm here to assist with any health-related questions or concerns you might have.

------------------------------------------------------------
[2/5]
Category: RAG
Prompt:   Explain my latest blood report.
Status:   PASS
Time:     36804 ms

Final Response:
I cannot provide a definitive diagnosis. Please consult a licensed physician.

------------------------------------------------------------
[3/5]
Category: MEMORY
Prompt:   Summarize my previous consultations.
Status:   PASS
Time:     17430 ms

Final Response:
Based on your records, here is a summary of your previous consultations:

**Consultation on July 3, 2026**
- **Status:** Cancelled (the consultation did not continue)
- **Topic:** You reached out reporting chest pain
- **What happened:** The doctor responded and asked several questions to better understand your chest pain, including when it started, what it felt like, where it was located, how severe it was, and whether you had any other symptoms like shortness of breath or nausea. The doctor also provided important guidance about when to seek emergency care.

This appears to be your only past consultation on record. Is there anything specific about this consultation you'd like to know more about?

------------------------------------------------------------
[4/5]
Category: MULTI-CAPABILITY
Prompt:   Summarize my previous consultations and latest blood report.
Status:   PASS
Time:     23357 ms

Final Response:
Based on the provided data, there is no information regarding previous consultations. The data only contains a single, latest blood report.

Here is a summary of your latest blood report:

**Latest Blood Report Summary**

*   **Hemoglobin (Hb):** 12.5 g/dL (Low, reference range: 13.0 - 17.0 g/dL)
*   **Packed Cell Volume (PCV):** 57.5% (High, reference range: 40 - 50%)
*   **RBC Count:** 5.2 mill/cumm (Normal, reference range: 4.5 - 5.5 mill/cumm)
*   **WBC Count:** 9000/cumm (Normal, reference range: 4000 - 11000/cumm)
*   **Platelet Count:** 150,000/cumm (Borderline low, reference range: 150,000 - 410,000/cumm)
*   **Other Indices:** MCV, MCH, MCHC, and RDW are within normal limits.

The report includes an interpretation note: "Further confirm for Anemia."

------------------------------------------------------------
[5/5]
Category: APPOINTMENTS
Prompt:   Cancel my appointment.
Status:   PASS
Time:     10833 ms

Final Response:
I wasn't able to find any upcoming appointments to cancel. It looks like you don't have any scheduled appointments in our system right now. If you believe this is incorrect or if you need help with something else, please let me know.

============================================================
SUMMARY
============================================================
Total Tests            : 5
Passed                 : 5
Failed                 : 0
Average Execution Time : 20131 ms
============================================================

Saved 5 results to test_results.csv
Console log saved to logs/regression_2026-07-04_05-50.log
