Initializing Test Runner (Role: PATIENT)

Starting 3 tests...

------------------------------------------------------------
[1/3]
Category: WORKFLOW_SEQUENCE
Prompt:   Is there any appointment slots available for Dr. DocDipu?
Status:   PASS
Time:     15592 ms

Final Response:
Yes, there are appointment slots available for Dr. DocDipu. Here are the available times:

**Available Appointment Slots:**
- July 07, 2026 at 04:00 PM
- July 07, 2026 at 04:30 PM
- July 07, 2026 at 09:30 PM

Would you like to schedule an appointment for any of these times?

------------------------------------------------------------
[2/3]
Category: WORKFLOW_SEQUENCE
Prompt:   Book the first available slot.
Status:   PASS
Time:     15755 ms

Final Response:
Based on the available data, the first available slot is:

**Dr. DocDipu - July 07, 2026 at 04:00 PM**

Please note: I can provide this information, but I'm unable to actually book the appointment for you. To book this slot, you'll need to contact the healthcare provider directly or use their appointment booking system.

------------------------------------------------------------
[3/3]
Category: WORKFLOW_SEQUENCE
Prompt:   Cancel my appointment.
Status:   PASS
Time:     5678 ms

Final Response:
I couldn't find any upcoming appointments to cancel.

============================================================
SUMMARY
============================================================
Total Tests            : 3
Passed                 : 3
Failed                 : 0
Average Execution Time : 12341 ms
============================================================

Saved 3 results to test_results.csv
Console log saved to logs/regression_2026-07-05_04-37.log
