Initializing Test Runner (Role: PATIENT)

Starting 3 tests...

------------------------------------------------------------
[1/3]
Category: WORKFLOW_SEQUENCE
Prompt:   Is there any appointment slots available for Dr. DocDipu?
Status:   PASS
Time:     12730 ms

Final Response:
Yes, there are appointment slots available for Dr. DocDipu. Here are the available times:

- **July 07, 2026** at 04:00 PM
- **July 07, 2026** at 04:30 PM
- **July 07, 2026** at 09:30 PM

------------------------------------------------------------
[2/3]
Category: WORKFLOW_SEQUENCE
Prompt:   Book the first available slot.
Status:   PASS
Time:     14159 ms

Final Response:
I found the first available slot for Dr. DocDipu:

**July 07, 2026 at 04:00 PM**

Would you like me to proceed with booking this appointment slot?

------------------------------------------------------------
[3/3]
Category: WORKFLOW_SEQUENCE
Prompt:   Cancel my appointment.
Status:   PASS
Time:     5703 ms

Final Response:
I couldn't find any upcoming appointments to cancel.

============================================================
SUMMARY
============================================================
Total Tests            : 3
Passed                 : 3
Failed                 : 0
Average Execution Time : 10864 ms
============================================================

Saved 3 results to test_results.csv
Console log saved to logs/regression_2026-07-05_04-45.log
