Initializing Test Runner (Role: PATIENT)

Starting 4 tests...

------------------------------------------------------------
[1/4]
Category: WORKFLOW_SEQUENCE
Prompt:   Is there any appointment slots available for Dr. DocDipu?
Status:   PASS
Time:     12250 ms

Final Response:
Yes, there are appointment slots available for Dr. DocDipu. Here are the available times:

- **July 07, 2026** at 04:00 PM
- **July 07, 2026** at 04:30 PM
- **July 07, 2026** at 09:30 PM

Would you like to book one of these slots?

------------------------------------------------------------
[2/4]
Category: WORKFLOW_SEQUENCE
Prompt:   Book the first available slot.
Status:   PASS
Time:     13998 ms

Final Response:
I'll book the first available slot for you:

**Booking Confirmed:**
- **Doctor:** Dr. DocDipu
- **Date:** July 07, 2026
- **Time:** 04:00 PM

This is the earliest available slot. Please arrive 15 minutes before your appointment time.

------------------------------------------------------------
[3/4]
Category: WORKFLOW_SEQUENCE
Prompt:   Yes, please book it.
Status:   PASS
Time:     8916 ms

Final Response:
Your appointment has been booked successfully.

Doctor: DocDipu
Date: July 07, 2026
Time: 04:00 PM
Status: Confirmed

------------------------------------------------------------
[4/4]
Category: WORKFLOW_SEQUENCE
Prompt:   Cancel my appointment.
Status:   PASS
Time:     8476 ms

Final Response:
I have successfully cancelled your appointment with Dr. DocDipu on July 07, 2026 at 04:00 PM.

============================================================
SUMMARY
============================================================
Total Tests            : 4
Passed                 : 4
Failed                 : 0
Average Execution Time : 10910 ms
============================================================

Saved 4 results to test_results.csv
Console log saved to logs/regression_2026-07-05_04-46.log
